<?xml version="1.0" encoding="UTF-8"?>
<!-- Generated by org.testng.reporters.JUnitReportReporter -->
<testsuite skipped="0" hostname="SHI58495EU1488E" name="com.trivago.testCases.TrivagoCompanyTestClass" tests="1" failures="0" timestamp="11 Sep 2019 10:20:25 GMT" time="71.584" errors="0">
  <testcase name="navigateToJobListPage" time="71.584" classname="com.trivago.testCases.TrivagoCompanyTestClass"/>
</testsuite> <!-- com.trivago.testCases.TrivagoCompanyTestClass -->
